<?xml version="1.0" encoding="UTF-8"?>
<!-- Generated by org.testng.reporters.JUnitReportReporter -->
<testsuite hostname="Sujays" failures="0" tests="1" name="testscripts.AppTest" time="18.660" errors="0" timestamp="26 Jun 2020 06:27:21 GMT" skipped="0">
  <testcase classname="testscripts.AppTest" name="login" time="18.660"/>
</testsuite> <!-- testscripts.AppTest -->
